<?xml version="1.0" encoding="UTF-8"?>
<testng-results skipped="0" failed="0" total="2" passed="2">
  <reporter-output>
  </reporter-output>
  <suite name="Suite" duration-ms="5839" started-at="2014-07-10T04:07:11Z" finished-at="2014-07-10T04:07:17Z">
    <groups>
    </groups>
    <test name="Test" duration-ms="5839" started-at="2014-07-10T04:07:11Z" finished-at="2014-07-10T04:07:17Z">
      <class name="com.hc.testng.TestNGClass">
        <test-method status="PASS" signature="beforeClass()[pri:0, instance:com.hc.testng.TestNGClass@13b6d03]" name="beforeClass" is-config="true" duration-ms="3799" started-at="2014-07-10T09:37:11Z" finished-at="2014-07-10T09:37:15Z">
          <reporter-output>
          </reporter-output>
        </test-method> <!-- beforeClass -->
        <test-method status="PASS" signature="test1()[pri:0, instance:com.hc.testng.TestNGClass@13b6d03]" name="test1" duration-ms="1847" started-at="2014-07-10T09:37:15Z" finished-at="2014-07-10T09:37:17Z">
          <reporter-output>
          </reporter-output>
        </test-method> <!-- test1 -->
        <test-method status="PASS" signature="test3()[pri:0, instance:com.hc.testng.TestNGClass@13b6d03]" name="test3" duration-ms="1" started-at="2014-07-10T09:37:17Z" finished-at="2014-07-10T09:37:17Z">
          <reporter-output>
          </reporter-output>
        </test-method> <!-- test3 -->
        <test-method status="PASS" signature="afterClass()[pri:0, instance:com.hc.testng.TestNGClass@13b6d03]" name="afterClass" is-config="true" duration-ms="174" started-at="2014-07-10T09:37:17Z" finished-at="2014-07-10T09:37:17Z">
          <reporter-output>
          </reporter-output>
        </test-method> <!-- afterClass -->
      </class> <!-- com.hc.testng.TestNGClass -->
    </test> <!-- Test -->
  </suite> <!-- Suite -->
</testng-results>
